[debug] [2023-11-19T11:54:19.619Z] ----------------------------------------------------------------------
[debug] [2023-11-19T11:54:19.625Z] Command:       C:\Program Files\nodejs\node.exe C:\Users\Adrash\AppData\Roaming\npm\node_modules\firebase-tools\lib\bin\firebase.js init
[debug] [2023-11-19T11:54:19.625Z] CLI Version:   12.9.1
[debug] [2023-11-19T11:54:19.626Z] Platform:      win32
[debug] [2023-11-19T11:54:19.626Z] Node Version:  v20.9.0
[debug] [2023-11-19T11:54:19.626Z] Time:          Sun Nov 19 2023 17:24:19 GMT+0530 (India Standard Time)
[debug] [2023-11-19T11:54:19.627Z] ----------------------------------------------------------------------
[debug] 
[debug] [2023-11-19T11:54:19.638Z] > command requires scopes: ["email","openid","https://www.googleapis.com/auth/cloudplatformprojects.readonly","https://www.googleapis.com/auth/firebase","https://www.googleapis.com/auth/cloud-platform"]
[debug] [2023-11-19T11:54:19.639Z] > authorizing via signed-in user (adrishdutta96@gmail.com)
[info] 
     ######## #### ########  ######## ########     ###     ######  ########
     ##        ##  ##     ## ##       ##     ##  ##   ##  ##       ##
     ######    ##  ########  ######   ########  #########  ######  ######
     ##        ##  ##    ##  ##       ##     ## ##     ##       ## ##
     ##       #### ##     ## ######## ########  ##     ##  ######  ########

You're about to initialize a Firebase project in this directory:

  D:\WEBSITE

[info] 
=== Project Setup
[info] 
[info] First, let's associate this project directory with a Firebase project.
[info] You can create multiple project aliases by running firebase use --add, 
[info] but for now we'll just set up a default project.
[info] 
[debug] [2023-11-19T11:54:31.704Z] >>> [apiv2][query] GET https://firebase.googleapis.com/v1beta1/projects pageSize=100
[debug] [2023-11-19T11:54:32.996Z] <<< [apiv2][status] GET https://firebase.googleapis.com/v1beta1/projects 200
[debug] [2023-11-19T11:54:32.998Z] <<< [apiv2][body] GET https://firebase.googleapis.com/v1beta1/projects [omitted]
[info] i  Using project homesikshadeploy-81eb5 (HomeSikshaDeploy) 
[info] 
=== Hosting Setup
[debug] [2023-11-19T11:54:42.237Z] >>> [apiv2][query] GET https://firebase.googleapis.com/v1beta1/projects/homesikshadeploy-81eb5 [none]
[debug] [2023-11-19T11:54:42.824Z] <<< [apiv2][status] GET https://firebase.googleapis.com/v1beta1/projects/homesikshadeploy-81eb5 200
[debug] [2023-11-19T11:54:42.824Z] <<< [apiv2][body] GET https://firebase.googleapis.com/v1beta1/projects/homesikshadeploy-81eb5 {"projectId":"homesikshadeploy-81eb5","projectNumber":"362451148959","displayName":"HomeSikshaDeploy","name":"projects/homesikshadeploy-81eb5","resources":{"hostingSite":"homesikshadeploy-81eb5"},"state":"ACTIVE","etag":"1_d475471f-499a-4904-804f-400b4ba13206"}
[info] 
[info] Your public directory is the folder (relative to your project directory) that
[info] will contain Hosting assets to be uploaded with firebase deploy. If you
[info] have a build process for your assets, use your build's output directory.
[info] 
[debug] [2023-11-19T11:56:29.876Z] >>> [apiv2][query] GET https://www.gstatic.com/firebasejs/releases.json [none]
[debug] [2023-11-19T11:56:30.069Z] <<< [apiv2][status] GET https://www.gstatic.com/firebasejs/releases.json 200
[debug] [2023-11-19T11:56:30.069Z] <<< [apiv2][body] GET https://www.gstatic.com/firebasejs/releases.json {"current":{"version":"10.6.0","browserURL":"https://www.gstatic.com/firebasejs/10.6.0/firebase.js","packageURL":"https://www.gstatic.com/firebasejs/10.6.0/firebase.tgz"},"live":{"version":"10.6","browserURL":"https://www.gstatic.com/firebasejs/live/10.6/firebase.js","packageURL":"https://www.gstatic.com/firebasejs/live/10.6/firebase.tgz"},"components":{"analytics":"https://www.gstatic.com/firebasejs/10.6.0/firebase-analytics.js","app":"https://www.gstatic.com/firebasejs/10.6.0/firebase-app.js","app-check":"https://www.gstatic.com/firebasejs/10.6.0/firebase-app-check.js","auth":"https://www.gstatic.com/firebasejs/10.6.0/firebase-auth.js","auth/cordova":"https://www.gstatic.com/firebasejs/10.6.0/firebase-auth/cordova.js","functions":"https://www.gstatic.com/firebasejs/10.6.0/firebase-functions.js","firestore":"https://www.gstatic.com/firebasejs/10.6.0/firebase-firestore.js","firestore/lite":"https://www.gstatic.com/firebasejs/10.6.0/firebase-firestore/lite.js","installations":"https://www.gstatic.com/firebasejs/10.6.0/firebase-installations.js","storage":"https://www.gstatic.com/firebasejs/10.6.0/firebase-storage.js","performance":"https://www.gstatic.com/firebasejs/10.6.0/firebase-performance.js","remote-config":"https://www.gstatic.com/firebasejs/10.6.0/firebase-remote-config.js","messaging":"https://www.gstatic.com/firebasejs/10.6.0/firebase-messaging.js","messaging/sw":"https://www.gstatic.com/firebasejs/10.6.0/firebase-messaging/sw.js","database":"https://www.gstatic.com/firebasejs/10.6.0/firebase-database.js","firestore.memory":"https://www.gstatic.com/firebasejs/10.6.0/firebase-firestore.memory.js"}}
[info] +  Wrote public/index.html 
[info] 
[info] i  Didn't detect a .git folder. Assuming D:\WEBSITE is the project root. 
[info] i  Authorizing with GitHub to upload your service account to a GitHub repository's secrets store. 
[info] 
[info] Visit this URL on this device to log in:
[info] https://github.com/login/oauth/authorize?client_id=89cf50f02ac6aaed3484&state=507264503&redirect_uri=http%3A%2F%2Flocalhost%3A9005&scope=read%3Auser%20repo%20public_repo
[info] 
[info] Waiting for authentication...
